2026-06-10 11:02:48,470 INFO MobileNetV2 Embedder for Deep Sort initialised
2026-06-10 11:02:48,470 INFO - gpu enabled: False
2026-06-10 11:02:48,470 INFO - half precision: False
2026-06-10 11:02:48,470 INFO - max batch size: 16
2026-06-10 11:02:48,470 INFO - expects BGR: True
2026-06-10 11:02:48,587 INFO DeepSort Tracker initialised
2026-06-10 11:02:48,587 INFO - max age: 30
2026-06-10 11:02:48,587 INFO - appearance threshold: 0.3
2026-06-10 11:02:48,587 INFO - nms threshold: OFF
2026-06-10 11:02:48,587 INFO - max num of appearance features: None
2026-06-10 11:02:48,587 INFO - overriding track class : No
2026-06-10 11:02:48,587 INFO - today given : No
2026-06-10 11:02:48,587 INFO - in-build embedder : Yes
2026-06-10 11:02:48,587 INFO - polygon detections : No
2026-06-10 11:02:48,884 INFO MobileNetV2 Embedder for Deep Sort initialised
2026-06-10 11:02:48,884 INFO - gpu enabled: False
2026-06-10 11:02:48,884 INFO - half precision: False
2026-06-10 11:02:48,884 INFO - max batch size: 16
2026-06-10 11:02:48,884 INFO - expects BGR: True
2026-06-10 11:02:48,932 INFO DeepSort Tracker initialised
2026-06-10 11:02:48,932 INFO - max age: 30
2026-06-10 11:02:48,932 INFO - appearance threshold: 0.3
2026-06-10 11:02:48,932 INFO - nms threshold: OFF
2026-06-10 11:02:48,932 INFO - max num of appearance features: None
2026-06-10 11:02:48,932 INFO - overriding track class : No
2026-06-10 11:02:48,932 INFO - today given : No
2026-06-10 11:02:48,932 INFO - in-build embedder : Yes
2026-06-10 11:02:48,932 INFO - polygon detections : No
2026-06-11 11:11:39,683 INFO MobileNetV2 Embedder for Deep Sort initialised
2026-06-11 11:11:39,685 INFO - gpu enabled: False
2026-06-11 11:11:39,685 INFO - half precision: False
2026-06-11 11:11:39,685 INFO - max batch size: 16
2026-06-11 11:11:39,685 INFO - expects BGR: True
2026-06-11 11:11:39,811 INFO DeepSort Tracker initialised
2026-06-11 11:11:39,811 INFO - max age: 30
2026-06-11 11:11:39,813 INFO - appearance threshold: 0.3
2026-06-11 11:11:39,813 INFO - nms threshold: OFF
2026-06-11 11:11:39,813 INFO - max num of appearance features: None
2026-06-11 11:11:39,813 INFO - overriding track class : No
2026-06-11 11:11:39,813 INFO - today given : No
2026-06-11 11:11:39,813 INFO - in-build embedder : Yes
2026-06-11 11:11:39,813 INFO - polygon detections : No
2026-06-11 11:11:40,128 INFO MobileNetV2 Embedder for Deep Sort initialised
2026-06-11 11:11:40,128 INFO - gpu enabled: False
2026-06-11 11:11:40,128 INFO - half precision: False
2026-06-11 11:11:40,128 INFO - max batch size: 16
2026-06-11 11:11:40,130 INFO - expects BGR: True
2026-06-11 11:11:40,169 INFO DeepSort Tracker initialised
2026-06-11 11:11:40,169 INFO - max age: 30
2026-06-11 11:11:40,169 INFO - appearance threshold: 0.3
2026-06-11 11:11:40,169 INFO - nms threshold: OFF
2026-06-11 11:11:40,169 INFO - max num of appearance features: None
2026-06-11 11:11:40,171 INFO - overriding track class : No
2026-06-11 11:11:40,171 INFO - today given : No
2026-06-11 11:11:40,171 INFO - in-build embedder : Yes
2026-06-11 11:11:40,171 INFO - polygon detections : No
